<?xml version="1.0" encoding="UTF-8"?>
<!-- Generated by org.testng.reporters.JUnitReportReporter -->
<testsuite hostname="NICDM205" failures="0" tests="1" name="TestCases.LoginTestcase" time="19.806" errors="0" timestamp="2022-02-02T17:48:34 IST" skipped="0">
  <testcase classname="TestCases.LoginTestcase" name="login" time="19.806"/>
  <system-out/>
</testsuite> <!-- TestCases.LoginTestcase -->
